# JRE version: Java(TM) SE Runtime Environment (8.0_241-b07) (build 1.8.0_241-b07)
# Java VM: Java HotSpot(TM) Client VM (25.241-b07 mixed mode, sharing windows-x86 )
Heap:
 def new generation   total 4928K, used 1720K [0x04400000, 0x04950000, 0x09950000)
  eden space 4416K,  34% used [0x04400000, 0x0457e830, 0x04850000)
  from space 512K,  37% used [0x04850000, 0x0487f838, 0x048d0000)
  to   space 512K,   0% used [0x048d0000, 0x048d0000, 0x04950000)
 tenured generation   total 10944K, used 3960K [0x09950000, 0x0a400000, 0x14400000)
   the space 10944K,  36% used [0x09950000, 0x09d2e0a0, 0x09d2e200, 0x0a400000)
 Metaspace       used 1220K, capacity 2698K, committed 2752K, reserved 4480K
GC Heap History (4 events):
Event: 0.317 GC heap before
{Heap before GC invocations=0 (full 0):
 def new generation   total 4928K, used 4416K [0x04400000, 0x04950000, 0x09950000)
  eden space 4416K, 100% used [0x04400000, 0x04850000, 0x04850000)
  from space 512K,   0% used [0x04850000, 0x04850000, 0x048d0000)
  to   space 512K,   0% used [0x048d0000, 0x048d0000, 0x04950000)
 tenured generation   total 10944K, used 0K [0x09950000, 0x0a400000, 0x14400000)
   the space 10944K,   0% used [0x09950000, 0x09950000, 0x09950200, 0x0a400000)
 Metaspace       used 953K, capacity 2594K, committed 2624K, reserved 4480K
Event: 0.325 GC heap after
Heap after GC invocations=1 (full 0):
 def new generation   total 4928K, used 512K [0x04400000, 0x04950000, 0x09950000)
  eden space 4416K,   0% used [0x04400000, 0x04400000, 0x04850000)
  from space 512K, 100% used [0x048d0000, 0x04950000, 0x04950000)
  to   space 512K,   0% used [0x04850000, 0x04850000, 0x048d0000)
 tenured generation   total 10944K, used 1073K [0x09950000, 0x0a400000, 0x14400000)
   the space 10944K,   9% used [0x09950000, 0x09a5c560, 0x09a5c600, 0x0a400000)
 Metaspace       used 953K, capacity 2594K, committed 2624K, reserved 4480K
}
Event: 108.913 GC heap before
{Heap before GC invocations=1 (full 0):
 def new generation   total 4928K, used 4928K [0x04400000, 0x04950000, 0x09950000)
  eden space 4416K, 100% used [0x04400000, 0x04850000, 0x04850000)
  from space 512K, 100% used [0x048d0000, 0x04950000, 0x04950000)
  to   space 512K,   0% used [0x04850000, 0x04850000, 0x048d0000)
 tenured generation   total 10944K, used 1073K [0x09950000, 0x0a400000, 0x14400000)
   the space 10944K,   9% used [0x09950000, 0x09a5c560, 0x09a5c600, 0x0a400000)
 Metaspace       used 1218K, capacity 2695K, committed 2752K, reserved 4480K
Event: 108.918 GC heap after
Heap after GC invocations=2 (full 0):
 def new generation   total 4928K, used 190K [0x04400000, 0x04950000, 0x09950000)
  eden space 4416K,   0% used [0x04400000, 0x04400000, 0x04850000)
  from space 512K,  37% used [0x04850000, 0x0487f838, 0x048d0000)
  to   space 512K,   0% used [0x048d0000, 0x048d0000, 0x04950000)
 tenured generation   total 10944K, used 3960K [0x09950000, 0x0a400000, 0x14400000)
   the space 10944K,  36% used [0x09950000, 0x09d2e0a0, 0x09d2e200, 0x0a400000)
 Metaspace       used 1218K, capacity 2695K, committed 2752K, reserved 4480K
}

